  main.cpp
C:\Program Files (x86)\Windows Kits\10\Include\10.0.26100.0\shared\minwindef.h(130,9): warning C4005: 'APIENTRY': macro redefinition
  (compiling source file 'main.cpp')
      C:\Users\Jia Xin\Downloads\computer_graphics_cw2\third_party\glad\include\glad\glad.h(47,9):
      see previous definition of 'APIENTRY'
  
C:\Users\Jia Xin\Downloads\computer_graphics_cw2\main\main.cpp(107,26): warning C4267: 'initializing': conversion from 'size_t' to 'unsigned int', possible loss of data
C:\Users\Jia Xin\Downloads\computer_graphics_cw2\main\main.cpp(118,29): warning C4267: 'initializing': conversion from 'size_t' to 'unsigned int', possible loss of data
C:\Users\Jia Xin\Downloads\computer_graphics_cw2\main\main.cpp(133,31): warning C4267: 'initializing': conversion from 'size_t' to 'unsigned int', possible loss of data
C:\Users\Jia Xin\Downloads\computer_graphics_cw2\main\main.cpp(157,20): warning C4267: 'initializing': conversion from 'size_t' to 'unsigned int', possible loss of data
C:\Users\Jia Xin\Downloads\computer_graphics_cw2\main\main.cpp(168,24): warning C4267: 'initializing': conversion from 'size_t' to 'unsigned int', possible loss of data
C:\Users\Jia Xin\Downloads\computer_graphics_cw2\main\main.cpp(200,24): warning C4267: 'initializing': conversion from 'size_t' to 'unsigned int', possible loss of data
C:\Users\Jia Xin\Downloads\computer_graphics_cw2\main\main.cpp(221,27): warning C4267: 'initializing': conversion from 'size_t' to 'unsigned int', possible loss of data
C:\Users\Jia Xin\Downloads\computer_graphics_cw2\main\main.cpp(234,27): warning C4267: 'initializing': conversion from 'size_t' to 'unsigned int', possible loss of data
C:\Users\Jia Xin\Downloads\computer_graphics_cw2\main\main.cpp(262,24): warning C4267: 'initializing': conversion from 'size_t' to 'unsigned int', possible loss of data
C:\Users\Jia Xin\Downloads\computer_graphics_cw2\main\main.cpp(360,49): warning C4459: declaration of 'shipPos' hides global declaration
      C:\Users\Jia Xin\Downloads\computer_graphics_cw2\main\main.cpp(299,11):
      see declaration of '`anonymous-namespace'::shipPos'
  
C:\Users\Jia Xin\Downloads\computer_graphics_cw2\main\main.cpp(373,47): warning C4459: declaration of 'shipPos' hides global declaration
      C:\Users\Jia Xin\Downloads\computer_graphics_cw2\main\main.cpp(299,11):
      see declaration of '`anonymous-namespace'::shipPos'
  
C:\Users\Jia Xin\Downloads\computer_graphics_cw2\main\main.cpp(495,24): warning C4100: 'window': unreferenced parameter
C:\Users\Jia Xin\Downloads\computer_graphics_cw2\main\main.cpp(517,60): warning C4100: 'mods': unreferenced parameter
C:\Users\Jia Xin\Downloads\computer_graphics_cw2\main\main.cpp(634,47): warning C4267: 'argument': conversion from 'size_t' to '_Ty', possible loss of data
C:\Users\Jia Xin\Downloads\computer_graphics_cw2\main\main.cpp(634,47): warning C4267:         with
C:\Users\Jia Xin\Downloads\computer_graphics_cw2\main\main.cpp(634,47): warning C4267:         [
C:\Users\Jia Xin\Downloads\computer_graphics_cw2\main\main.cpp(634,47): warning C4267:             _Ty=std::_Vbase
C:\Users\Jia Xin\Downloads\computer_graphics_cw2\main\main.cpp(634,47): warning C4267:         ]
C:\Users\Jia Xin\Downloads\computer_graphics_cw2\main\main.cpp(927,63): warning C4459: declaration of 'shipModel' hides global declaration
      C:\Users\Jia Xin\Downloads\computer_graphics_cw2\main\main.cpp(302,12):
      see declaration of '`anonymous-namespace'::shipModel'
  
C:\Users\Jia Xin\Downloads\computer_graphics_cw2\main\main.cpp(1263,19): warning C4458: declaration of 'cubeSize' hides class member
      C:\Users\Jia Xin\Downloads\computer_graphics_cw2\main\main.cpp(1296,13):
      see declaration of 'main::<lambda_4>::cubeSize'
  
C:\Users\Jia Xin\Downloads\computer_graphics_cw2\main\main.cpp(1056,16): warning C4101: 'view': unreferenced local variable
C:\Users\Jia Xin\Downloads\computer_graphics_cw2\main\main.cpp(1253,1): warning C4701: potentially uninitialized local variable 'offset' used
  main.vcxproj -> C:\Users\Jia Xin\Downloads\computer_graphics_cw2\bin\main-debug-x64-msc-v143.exe
