  main.cpp
C:\Program Files (x86)\Windows Kits\10\Include\10.0.26100.0\shared\minwindef.h(130,9): warning C4005: 'APIENTRY': macro redefinition
  (compiling source file 'main.cpp')
      C:\Users\Jia Xin\Downloads\computer_graphics_cw2\third_party\glad\include\glad\glad.h(47,9):
      see previous definition of 'APIENTRY'
  
C:\Users\Jia Xin\Downloads\computer_graphics_cw2\third_party\fontstash\include\fontstash.h(894,14): warning C4267: 'initializing': conversion from 'size_t' to 'int', possible loss of data
  (compiling source file 'main.cpp')
  
C:\Users\Jia Xin\Downloads\computer_graphics_cw2\third_party\fontstash\include\fontstash.h(895,14): warning C4267: 'initializing': conversion from 'size_t' to 'int', possible loss of data
  (compiling source file 'main.cpp')
  
C:\Users\Jia Xin\Downloads\computer_graphics_cw2\third_party\fontstash\include\fontstash.h(933,16): warning C4267: '=': conversion from 'size_t' to 'int', possible loss of data
  (compiling source file 'main.cpp')
  
C:\Users\Jia Xin\Downloads\computer_graphics_cw2\main\main.cpp(110,26): warning C4267: 'initializing': conversion from 'size_t' to 'unsigned int', possible loss of data
C:\Users\Jia Xin\Downloads\computer_graphics_cw2\main\main.cpp(121,29): warning C4267: 'initializing': conversion from 'size_t' to 'unsigned int', possible loss of data
C:\Users\Jia Xin\Downloads\computer_graphics_cw2\main\main.cpp(136,31): warning C4267: 'initializing': conversion from 'size_t' to 'unsigned int', possible loss of data
C:\Users\Jia Xin\Downloads\computer_graphics_cw2\main\main.cpp(160,20): warning C4267: 'initializing': conversion from 'size_t' to 'unsigned int', possible loss of data
C:\Users\Jia Xin\Downloads\computer_graphics_cw2\main\main.cpp(171,24): warning C4267: 'initializing': conversion from 'size_t' to 'unsigned int', possible loss of data
C:\Users\Jia Xin\Downloads\computer_graphics_cw2\main\main.cpp(203,24): warning C4267: 'initializing': conversion from 'size_t' to 'unsigned int', possible loss of data
C:\Users\Jia Xin\Downloads\computer_graphics_cw2\main\main.cpp(224,27): warning C4267: 'initializing': conversion from 'size_t' to 'unsigned int', possible loss of data
C:\Users\Jia Xin\Downloads\computer_graphics_cw2\main\main.cpp(237,27): warning C4267: 'initializing': conversion from 'size_t' to 'unsigned int', possible loss of data
C:\Users\Jia Xin\Downloads\computer_graphics_cw2\main\main.cpp(265,24): warning C4267: 'initializing': conversion from 'size_t' to 'unsigned int', possible loss of data
C:\Users\Jia Xin\Downloads\computer_graphics_cw2\main\main.cpp(365,49): warning C4459: declaration of 'shipPos' hides global declaration
      C:\Users\Jia Xin\Downloads\computer_graphics_cw2\main\main.cpp(304,11):
      see declaration of '`anonymous-namespace'::shipPos'
  
C:\Users\Jia Xin\Downloads\computer_graphics_cw2\main\main.cpp(378,47): warning C4459: declaration of 'shipPos' hides global declaration
      C:\Users\Jia Xin\Downloads\computer_graphics_cw2\main\main.cpp(304,11):
      see declaration of '`anonymous-namespace'::shipPos'
  
C:\Users\Jia Xin\Downloads\computer_graphics_cw2\main\main.cpp(576,30): warning C4100: 'userPtr': unreferenced parameter
C:\Users\Jia Xin\Downloads\computer_graphics_cw2\main\main.cpp(633,30): warning C4100: 'up': unreferenced parameter
C:\Users\Jia Xin\Downloads\computer_graphics_cw2\main\main.cpp(643,31): warning C4100: 'up': unreferenced parameter
C:\Users\Jia Xin\Downloads\computer_graphics_cw2\main\main.cpp(656,29): warning C4100: 'up': unreferenced parameter
C:\Users\Jia Xin\Downloads\computer_graphics_cw2\main\main.cpp(714,31): warning C4100: 'up': unreferenced parameter
C:\Users\Jia Xin\Downloads\computer_graphics_cw2\main\main.cpp(774,24): warning C4100: 'window': unreferenced parameter
C:\Users\Jia Xin\Downloads\computer_graphics_cw2\main\main.cpp(796,60): warning C4100: 'mods': unreferenced parameter
C:\Users\Jia Xin\Downloads\computer_graphics_cw2\main\main.cpp(916,47): warning C4267: 'argument': conversion from 'size_t' to '_Ty', possible loss of data
C:\Users\Jia Xin\Downloads\computer_graphics_cw2\main\main.cpp(916,47): warning C4267:         with
C:\Users\Jia Xin\Downloads\computer_graphics_cw2\main\main.cpp(916,47): warning C4267:         [
C:\Users\Jia Xin\Downloads\computer_graphics_cw2\main\main.cpp(916,47): warning C4267:             _Ty=std::_Vbase
C:\Users\Jia Xin\Downloads\computer_graphics_cw2\main\main.cpp(916,47): warning C4267:         ]
C:\Users\Jia Xin\Downloads\computer_graphics_cw2\main\main.cpp(1210,63): warning C4459: declaration of 'shipModel' hides global declaration
      C:\Users\Jia Xin\Downloads\computer_graphics_cw2\main\main.cpp(307,12):
      see declaration of '`anonymous-namespace'::shipModel'
  
C:\Users\Jia Xin\Downloads\computer_graphics_cw2\main\main.cpp(1659,19): warning C4458: declaration of 'cubeSize' hides class member
      C:\Users\Jia Xin\Downloads\computer_graphics_cw2\main\main.cpp(1694,10):
      see declaration of 'main::<lambda_4>::cubeSize'
  
C:\Users\Jia Xin\Downloads\computer_graphics_cw2\main\main.cpp(1446,16): warning C4101: 'view': unreferenced local variable
C:\Users\Jia Xin\Downloads\computer_graphics_cw2\third_party\fontstash\include\stb_truetype.h(1499,15): warning C4505: 'stbtt_GetCodepointShape': unreferenced function with internal linkage has been removed
  (compiling source file 'main.cpp')
  
C:\Users\Jia Xin\Downloads\computer_graphics_cw2\third_party\fontstash\include\stb_truetype.h(1551,15): warning C4505: 'stbtt_GetCodepointBox': unreferenced function with internal linkage has been removed
  (compiling source file 'main.cpp')
  
C:\Users\Jia Xin\Downloads\computer_graphics_cw2\third_party\fontstash\include\stb_truetype.h(1556,15): warning C4505: 'stbtt_IsGlyphEmpty': unreferenced function with internal linkage has been removed
  (compiling source file 'main.cpp')
  
C:\Users\Jia Xin\Downloads\computer_graphics_cw2\third_party\fontstash\include\stb_truetype.h(2262,16): warning C4505: 'stbtt_GetCodepointKernAdvance': unreferenced function with internal linkage has been removed
  (compiling source file 'main.cpp')
  
C:\Users\Jia Xin\Downloads\computer_graphics_cw2\third_party\fontstash\include\stb_truetype.h(2269,16): warning C4505: 'stbtt_GetCodepointHMetrics': unreferenced function with internal linkage has been removed
  (compiling source file 'main.cpp')
  
C:\Users\Jia Xin\Downloads\computer_graphics_cw2\third_party\fontstash\include\stb_truetype.h(2281,16): warning C4505: 'stbtt_GetFontBoundingBox': unreferenced function with internal linkage has been removed
  (compiling source file 'main.cpp')
  
C:\Users\Jia Xin\Downloads\computer_graphics_cw2\third_party\fontstash\include\stb_truetype.h(2301,16): warning C4505: 'stbtt_FreeShape': unreferenced function with internal linkage has been removed
  (compiling source file 'main.cpp')
  
C:\Users\Jia Xin\Downloads\computer_graphics_cw2\third_party\fontstash\include\stb_truetype.h(2339,16): warning C4505: 'stbtt_GetCodepointBitmapBox': unreferenced function with internal linkage has been removed
  (compiling source file 'main.cpp')
  
C:\Users\Jia Xin\Downloads\computer_graphics_cw2\third_party\fontstash\include\stb_truetype.h(3221,16): warning C4505: 'stbtt_FreeBitmap': unreferenced function with internal linkage has been removed
  (compiling source file 'main.cpp')
  
C:\Users\Jia Xin\Downloads\computer_graphics_cw2\third_party\fontstash\include\stb_truetype.h(3266,26): warning C4505: 'stbtt_GetGlyphBitmap': unreferenced function with internal linkage has been removed
  (compiling source file 'main.cpp')
  
C:\Users\Jia Xin\Downloads\computer_graphics_cw2\third_party\fontstash\include\stb_truetype.h(3305,26): warning C4505: 'stbtt_GetCodepointBitmap': unreferenced function with internal linkage has been removed
  (compiling source file 'main.cpp')
  
C:\Users\Jia Xin\Downloads\computer_graphics_cw2\third_party\fontstash\include\stb_truetype.h(3310,16): warning C4505: 'stbtt_MakeCodepointBitmap': unreferenced function with internal linkage has been removed
  (compiling source file 'main.cpp')
  
C:\Users\Jia Xin\Downloads\computer_graphics_cw2\third_party\fontstash\include\stb_truetype.h(3367,16): warning C4505: 'stbtt_GetBakedQuad': unreferenced function with internal linkage has been removed
  (compiling source file 'main.cpp')
  
C:\Users\Jia Xin\Downloads\computer_graphics_cw2\third_party\fontstash\include\stb_truetype.h(3465,15): warning C4505: 'stbtt_PackBegin': unreferenced function with internal linkage has been removed
  (compiling source file 'main.cpp')
  
C:\Users\Jia Xin\Downloads\computer_graphics_cw2\third_party\fontstash\include\stb_truetype.h(3496,16): warning C4505: 'stbtt_PackEnd': unreferenced function with internal linkage has been removed
  (compiling source file 'main.cpp')
  
C:\Users\Jia Xin\Downloads\computer_graphics_cw2\third_party\fontstash\include\stb_truetype.h(3502,16): warning C4505: 'stbtt_PackSetOversampling': unreferenced function with internal linkage has been removed
  (compiling source file 'main.cpp')
  
C:\Users\Jia Xin\Downloads\computer_graphics_cw2\third_party\fontstash\include\stb_truetype.h(3679,16): warning C4505: 'stbtt_MakeGlyphBitmapSubpixelPrefilter': unreferenced function with internal linkage has been removed
  (compiling source file 'main.cpp')
  
C:\Users\Jia Xin\Downloads\computer_graphics_cw2\third_party\fontstash\include\stb_truetype.h(3826,15): warning C4505: 'stbtt_PackFontRange': unreferenced function with internal linkage has been removed
  (compiling source file 'main.cpp')
  
C:\Users\Jia Xin\Downloads\computer_graphics_cw2\third_party\fontstash\include\stb_truetype.h(3838,16): warning C4505: 'stbtt_GetPackedQuad': unreferenced function with internal linkage has been removed
  (compiling source file 'main.cpp')
  
C:\Users\Jia Xin\Downloads\computer_graphics_cw2\third_party\fontstash\include\stb_truetype.h(4237,27): warning C4505: 'stbtt_GetCodepointSDF': unreferenced function with internal linkage has been removed
  (compiling source file 'main.cpp')
  
C:\Users\Jia Xin\Downloads\computer_graphics_cw2\third_party\fontstash\include\stb_truetype.h(4242,16): warning C4505: 'stbtt_FreeSDF': unreferenced function with internal linkage has been removed
  (compiling source file 'main.cpp')
  
C:\Users\Jia Xin\Downloads\computer_graphics_cw2\third_party\fontstash\include\stb_truetype.h(4299,23): warning C4505: 'stbtt_GetFontNameString': unreferenced function with internal linkage has been removed
  (compiling source file 'main.cpp')
  
C:\Users\Jia Xin\Downloads\computer_graphics_cw2\third_party\fontstash\include\stb_truetype.h(4412,15): warning C4505: 'stbtt_BakeFontBitmap': unreferenced function with internal linkage has been removed
  (compiling source file 'main.cpp')
  
C:\Users\Jia Xin\Downloads\computer_graphics_cw2\third_party\fontstash\include\stb_truetype.h(4424,15): warning C4505: 'stbtt_GetNumberOfFonts': unreferenced function with internal linkage has been removed
  (compiling source file 'main.cpp')
  
C:\Users\Jia Xin\Downloads\computer_graphics_cw2\third_party\fontstash\include\stb_truetype.h(4434,15): warning C4505: 'stbtt_FindMatchingFont': unreferenced function with internal linkage has been removed
  (compiling source file 'main.cpp')
  
C:\Users\Jia Xin\Downloads\computer_graphics_cw2\third_party\fontstash\include\stb_truetype.h(4439,15): warning C4505: 'stbtt_CompareUTF8toUTF16_bigendian': unreferenced function with internal linkage has been removed
  (compiling source file 'main.cpp')
  
C:\Users\Jia Xin\Downloads\computer_graphics_cw2\main\main.cpp(1649,1): warning C4701: potentially uninitialized local variable 'offset' used
  main.vcxproj -> C:\Users\Jia Xin\Downloads\computer_graphics_cw2\bin\main-release-x64-msc-v143.exe
